{"name": "test_01", "status": "failed", "statusDetails": {"message": "AssertionError: assert 12.5 == 12\n +  where 12.5 = locate(10)", "trace": "@pytest.mark.slow\n    def test_01():\n>       assert locate(10) == 12\nE       assert 12.5 == 12\nE        +  where 12.5 = locate(10)\n\ntest_11.py:12: AssertionError"}, "start": 1583311566501, "stop": 1583311566501, "uuid": "cabdff9b-e6cc-4570-b99e-6bc885304a58", "historyId": "c7b9b5e7b3a11b48b24e74bfbabbb4bd", "testCaseId": "02be80c3b3149e9383e94744f992c994", "fullName": "test_11#test_01", "labels": [{"name": "tag", "value": "slow"}, {"name": "suite", "value": "test_11"}, {"name": "host", "value": "GXZ-OFFICE"}, {"name": "thread", "value": "11568-MainThread"}, {"name": "framework", "value": "pytest"}, {"name": "language", "value": "cpython3"}, {"name": "package", "value": "test_11"}]}