{
  "uid" : "670e5580dfe0e45",
  "name" : "test_02",
  "fullName" : "wechat.case.test_01.TestLcation#test_02",
  "historyId" : "4dc049ce2a6623a30431db2653ba5ca3",
  "time" : {
    "start" : 1581754821672,
    "stop" : 1581754821673,
    "duration" : 1
  },
  "status" : "failed",
  "statusMessage" : "AssertionError: assert 2 == 123",
  "statusTrace" : "self = <wechat.case.test_01.TestLcation object at 0x0441A590>\n\n    def test_02(self):\n        y = 123\n>       assert 2 == y\nE       assert 2 == 123\n\nwechat\\case\\test_01.py:18: AssertionError",
  "flaky" : false,
  "newFailed" : false,
  "beforeStages" : [ {
    "name" : "_Class__pytest_setup_class",
    "time" : {
      "start" : 1581754800324,
      "stop" : 1581754812049,
      "duration" : 11725
    },
    "status" : "passed",
    "steps" : [ ],
    "attachments" : [ ],
    "parameters" : [ ],
    "attachmentsCount" : 0,
    "shouldDisplayMessage" : false,
    "hasContent" : false,
    "stepsCount" : 0
  } ],
  "afterStages" : [ {
    "name" : "_Class__pytest_setup_class::0",
    "time" : {
      "start" : 1581754821676,
      "stop" : 1581754822149,
      "duration" : 473
    },
    "status" : "passed",
    "steps" : [ ],
    "attachments" : [ ],
    "parameters" : [ ],
    "attachmentsCount" : 0,
    "shouldDisplayMessage" : false,
    "hasContent" : false,
    "stepsCount" : 0
  } ],
  "labels" : [ {
    "name" : "parentSuite",
    "value" : "wechat.case"
  }, {
    "name" : "suite",
    "value" : "test_01"
  }, {
    "name" : "subSuite",
    "value" : "TestLcation"
  }, {
    "name" : "host",
    "value" : "GXZ-OFFICE"
  }, {
    "name" : "thread",
    "value" : "11828-MainThread"
  }, {
    "name" : "framework",
    "value" : "pytest"
  }, {
    "name" : "language",
    "value" : "cpython3"
  }, {
    "name" : "package",
    "value" : "wechat.case.test_01"
  }, {
    "name" : "resultFormat",
    "value" : "allure2"
  } ],
  "parameters" : [ ],
  "links" : [ ],
  "hidden" : false,
  "retry" : false,
  "extra" : {
    "severity" : "normal",
    "retries" : [ {
      "uid" : "1cba10d3d1e46640",
      "status" : "failed",
      "statusDetails" : "AssertionError: assert 2 == 123",
      "time" : {
        "start" : 1581754762302,
        "stop" : 1581754762303,
        "duration" : 1
      }
    } ],
    "categories" : [ {
      "name" : "Product defects",
      "matchedStatuses" : [ ],
      "flaky" : false
    } ],
    "tags" : [ ]
  },
  "source" : "670e5580dfe0e45.json",
  "parameterValues" : [ ]
}